<?xml version="1.0" encoding="UTF-8" ?>
<testsuite failures="2" time="0.06" errors="0" skipped="0" tests="5" name="prashanth.sams.RunTest">
  <properties>
[...]
</properties>
  <testcase time="0.001" classname="Scenario: google search" name="Given Google page \&quot;http:\/\/www.google.com\&quot;"/>
  <testcase time="0" classname="Scenario: google search" name="When I enter \&quot;Prashanth Sams\&quot; in search box"/>
  <testcase time="0" classname="Scenario: google search" name="When I press enter key"/>
  <testcase time="0.024" classname="Scenario: google search" name="Then I should get the results of \&quot;Prashanth Sams\&quot;">
    <failure type="java.lang.AssertionError">java.lang.AssertionError
	at org.junit.Assert.fail(Assert.java:86)
	at org.junit.Assert.assertTrue(Assert.java:41)
	at org.junit.Assert.assertTrue(Assert.java:52)
	at prashanth.sams.Googlesearch.i_should_see_results_of(Googlesearch.java:69)
	at ✽.Then I should get the results of &quot;Prashanth Sams&quot;(prashanth\sams\test.feature:9)
</failure>
  </testcase>
  <testcase time="0.035" classname="Scenario: google search" name="Scenario: google search">
    <failure type="java.lang.AssertionError">java.lang.AssertionError
	at org.junit.Assert.fail(Assert.java:86)
	at org.junit.Assert.assertTrue(Assert.java:41)
	at org.junit.Assert.assertTrue(Assert.java:52)
	at prashanth.sams.Googlesearch.i_should_see_results_of(Googlesearch.java:69)
	at ✽.Then I should get the results of &quot;Prashanth Sams&quot;(prashanth\sams\test.feature:9)
</failure>
  </testcase>
</testsuite>